<?xml version="1.0" encoding="UTF-8"?>
<!-- Generated by org.testng.reporters.JUnitReportReporter -->
<testsuite skipped="0" hostname="ArpitaPC" name="Demo2.Day1" tests="4" failures="0" timestamp="2020-02-15T19:18:27 IST" time="0.038" errors="0">
  <testcase name="m2" time="0.021" classname="Demo2.Day1"/>
  <testcase name="m6" time="0.012" classname="Demo2.Day1"/>
  <testcase name="m3" time="0.003" classname="Demo2.Day1"/>
  <testcase name="m5" time="0.002" classname="Demo2.Day1"/>
</testsuite> <!-- Demo2.Day1 -->
