<?xml version="1.0" encoding="UTF-8"?>
<!-- Generated by org.testng.reporters.JUnitReportReporter -->
<testsuite skipped="0" hostname="ArpitaPC" name="Demo2.Day4" tests="3" failures="0" timestamp="2020-02-15T19:18:27 IST" time="0.015" errors="0">
  <testcase name="CarLoan" time="0.008" classname="Demo2.Day4"/>
  <testcase name="WebCarLoan" time="0.003" classname="Demo2.Day4"/>
  <testcase name="ApiCarLoan" time="0.004" classname="Demo2.Day4"/>
</testsuite> <!-- Demo2.Day4 -->
