<?xml version="1.0" encoding="UTF-8"?>
<!-- Generated by org.testng.reporters.JUnitReportReporter -->
<testsuite skipped="0" hostname="ArpitaPC" name="Demo.Day4" tests="2" failures="0" timestamp="2020-02-16T00:27:41 IST" time="0.007" errors="0">
  <testcase name="WebCarLoan" time="0.005" classname="Demo.Day4"/>
  <testcase name="ApiCarLoan" time="0.002" classname="Demo.Day4"/>
</testsuite> <!-- Demo.Day4 -->
