<?xml version="1.0" encoding="UTF-8"?>
<!-- Generated by org.testng.reporters.JUnitReportReporter -->
<testsuite skipped="0" hostname="ArpitaPC" name="Demo.Day2" tests="1" failures="0" timestamp="2020-02-16T00:27:41 IST" time="0.003" errors="0">
  <testcase name="m3" time="0.003" classname="Demo.Day2"/>
</testsuite> <!-- Demo.Day2 -->
