<?xml version="1.0" encoding="UTF-8"?>
<!-- Generated by org.testng.reporters.JUnitReportReporter -->
<testsuite skipped="0" hostname="ArpitaPC" name="Demo.Day3" tests="3" failures="0" timestamp="2020-02-16T00:27:42 IST" time="0.006" errors="0">
  <testcase name="BikeLoanWeb" time="0.002" classname="Demo.Day3"/>
  <testcase name="BikeLoan" time="0.001" classname="Demo.Day3"/>
  <testcase name="BikeLoanApi" time="0.003" classname="Demo.Day3"/>
</testsuite> <!-- Demo.Day3 -->
